        -:    0:Source:lex.yy.c
        -:    0:Graph:/home/ollie/CLionProjects/Compiler_2.0/cmake-build-debug/CMakeFiles/Compiler_2_0.dir/Lexer_Parser_Files/lex.yy.c.gcno
        -:    0:Data:/home/ollie/CLionProjects/Compiler_2.0/cmake-build-debug/CMakeFiles/Compiler_2_0.dir/Lexer_Parser_Files/lex.yy.c.gcda
        -:    0:Runs:1
        -:    0:Programs:1
        -:    1:/*EOF*/
        -:    2:/*EOF*/
        -:    3:/*EOF*/
        -:    4:/*EOF*/
        -:    5:/*EOF*/
        -:    6:/*EOF*/
        -:    7:/*EOF*/
        -:    8:/*EOF*/
        -:    9:/*EOF*/
        -:   10:/*EOF*/
        -:   11:/*EOF*/
        -:   12:/*EOF*/
        -:   13:/*EOF*/
        -:   14:/*EOF*/
        -:   15:/*EOF*/
        -:   16:/*EOF*/
        -:   17:/*EOF*/
        -:   18:/*EOF*/
        -:   19:/*EOF*/
        -:   20:/*EOF*/
        -:   21:/*EOF*/
        -:   22:/*EOF*/
        -:   23:/*EOF*/
        -:   24:/*EOF*/
        -:   25:/*EOF*/
        -:   26:/*EOF*/
        -:   27:/*EOF*/
        -:   28:/*EOF*/
        -:   29:/*EOF*/
        -:   30:/*EOF*/
        -:   31:/*EOF*/
        -:   32:/*EOF*/
        -:   33:/*EOF*/
        -:   34:/*EOF*/
        -:   35:/*EOF*/
        -:   36:/*EOF*/
        -:   37:/*EOF*/
        -:   38:/*EOF*/
        -:   39:/*EOF*/
        -:   40:/*EOF*/
        -:   41:/*EOF*/
        -:   42:/*EOF*/
        -:   43:/*EOF*/
        -:   44:/*EOF*/
        -:   45:/*EOF*/
        -:   46:/*EOF*/
        -:   47:/*EOF*/
        -:   48:/*EOF*/
        -:   49:/*EOF*/
        -:   50:/*EOF*/
        -:   51:/*EOF*/
        -:   52:/*EOF*/
        -:   53:/*EOF*/
        -:   54:/*EOF*/
        -:   55:/*EOF*/
        -:   56:/*EOF*/
        -:   57:/*EOF*/
        -:   58:/*EOF*/
        -:   59:/*EOF*/
        -:   60:/*EOF*/
        -:   61:/*EOF*/
        -:   62:/*EOF*/
        -:   63:/*EOF*/
        -:   64:/*EOF*/
        -:   65:/*EOF*/
        -:   66:/*EOF*/
        -:   67:/*EOF*/
        -:   68:/*EOF*/
        -:   69:/*EOF*/
        -:   70:/*EOF*/
        -:   71:/*EOF*/
        -:   72:/*EOF*/
        -:   73:/*EOF*/
        -:   74:/*EOF*/
        -:   75:/*EOF*/
        -:   76:/*EOF*/
        -:   77:/*EOF*/
        -:   78:/*EOF*/
        -:   79:/*EOF*/
        -:   80:/*EOF*/
        -:   81:/*EOF*/
        -:   82:/*EOF*/
        -:   83:/*EOF*/
        -:   84:/*EOF*/
        -:   85:/*EOF*/
        -:   86:/*EOF*/
        -:   87:/*EOF*/
        -:   88:/*EOF*/
        -:   89:/*EOF*/
        -:   90:/*EOF*/
        -:   91:/*EOF*/
        -:   92:/*EOF*/
        -:   93:/*EOF*/
        -:   94:/*EOF*/
        -:   95:/*EOF*/
        -:   96:/*EOF*/
        -:   97:/*EOF*/
        -:   98:/*EOF*/
        -:   99:/*EOF*/
        -:  100:/*EOF*/
        -:  101:/*EOF*/
        -:  102:/*EOF*/
        -:  103:/*EOF*/
        -:  104:/*EOF*/
        -:  105:/*EOF*/
        -:  106:/*EOF*/
        -:  107:/*EOF*/
        -:  108:/*EOF*/
        -:  109:/*EOF*/
        -:  110:/*EOF*/
        -:  111:/*EOF*/
        -:  112:/*EOF*/
        -:  113:/*EOF*/
        -:  114:/*EOF*/
        -:  115:/*EOF*/
        -:  116:/*EOF*/
        -:  117:/*EOF*/
        -:  118:/*EOF*/
        -:  119:/*EOF*/
        -:  120:/*EOF*/
        -:  121:/*EOF*/
        -:  122:/*EOF*/
        -:  123:/*EOF*/
        -:  124:/*EOF*/
        -:  125:/*EOF*/
        -:  126:/*EOF*/
        -:  127:/*EOF*/
        -:  128:/*EOF*/
        -:  129:/*EOF*/
        -:  130:/*EOF*/
        -:  131:/*EOF*/
        -:  132:/*EOF*/
        -:  133:/*EOF*/
        -:  134:/*EOF*/
        -:  135:/*EOF*/
        -:  136:/*EOF*/
        -:  137:/*EOF*/
        -:  138:/*EOF*/
        -:  139:/*EOF*/
        -:  140:/*EOF*/
        -:  141:/*EOF*/
        -:  142:/*EOF*/
        -:  143:/*EOF*/
        -:  144:/*EOF*/
        -:  145:/*EOF*/
        -:  146:/*EOF*/
        -:  147:/*EOF*/
        -:  148:/*EOF*/
        -:  149:/*EOF*/
        -:  150:/*EOF*/
        -:  151:/*EOF*/
        -:  152:/*EOF*/
        -:  153:/*EOF*/
        -:  154:/*EOF*/
        -:  155:/*EOF*/
        -:  156:/*EOF*/
        -:  157:/*EOF*/
        -:  158:/*EOF*/
        -:  159:/*EOF*/
        -:  160:/*EOF*/
        -:  161:/*EOF*/
        -:  162:/*EOF*/
        -:  163:/*EOF*/
        -:  164:/*EOF*/
        -:  165:/*EOF*/
        -:  166:/*EOF*/
        -:  167:/*EOF*/
        -:  168:/*EOF*/
        -:  169:/*EOF*/
        -:  170:/*EOF*/
        -:  171:/*EOF*/
        -:  172:/*EOF*/
        -:  173:/*EOF*/
        -:  174:/*EOF*/
        -:  175:/*EOF*/
        -:  176:/*EOF*/
        -:  177:/*EOF*/
        -:  178:/*EOF*/
        -:  179:/*EOF*/
        -:  180:/*EOF*/
        -:  181:/*EOF*/
        -:  182:/*EOF*/
        -:  183:/*EOF*/
        -:  184:/*EOF*/
        -:  185:/*EOF*/
        -:  186:/*EOF*/
        -:  187:/*EOF*/
        -:  188:/*EOF*/
        -:  189:/*EOF*/
        -:  190:/*EOF*/
        -:  191:/*EOF*/
        -:  192:/*EOF*/
        -:  193:/*EOF*/
        -:  194:/*EOF*/
        -:  195:/*EOF*/
        -:  196:/*EOF*/
        -:  197:/*EOF*/
        -:  198:/*EOF*/
        -:  199:/*EOF*/
        -:  200:/*EOF*/
        -:  201:/*EOF*/
        -:  202:/*EOF*/
        -:  203:/*EOF*/
        -:  204:/*EOF*/
        -:  205:/*EOF*/
        -:  206:/*EOF*/
        -:  207:/*EOF*/
        -:  208:/*EOF*/
        -:  209:/*EOF*/
        -:  210:/*EOF*/
        -:  211:/*EOF*/
        -:  212:/*EOF*/
        -:  213:/*EOF*/
        -:  214:/*EOF*/
        -:  215:/*EOF*/
        -:  216:/*EOF*/
        -:  217:/*EOF*/
        -:  218:/*EOF*/
        -:  219:/*EOF*/
        -:  220:/*EOF*/
        -:  221:/*EOF*/
        -:  222:/*EOF*/
        -:  223:/*EOF*/
        -:  224:/*EOF*/
        -:  225:/*EOF*/
        -:  226:/*EOF*/
        -:  227:/*EOF*/
        -:  228:/*EOF*/
        -:  229:/*EOF*/
        -:  230:/*EOF*/
        -:  231:/*EOF*/
        -:  232:/*EOF*/
        -:  233:/*EOF*/
        -:  234:/*EOF*/
        -:  235:/*EOF*/
        -:  236:/*EOF*/
        -:  237:/*EOF*/
        -:  238:/*EOF*/
        -:  239:/*EOF*/
        -:  240:/*EOF*/
        -:  241:/*EOF*/
        -:  242:/*EOF*/
        -:  243:/*EOF*/
        -:  244:/*EOF*/
        -:  245:/*EOF*/
        -:  246:/*EOF*/
        -:  247:/*EOF*/
        -:  248:/*EOF*/
        -:  249:/*EOF*/
        -:  250:/*EOF*/
        -:  251:/*EOF*/
        -:  252:/*EOF*/
        -:  253:/*EOF*/
        -:  254:/*EOF*/
        -:  255:/*EOF*/
        -:  256:/*EOF*/
        -:  257:/*EOF*/
        -:  258:/*EOF*/
        -:  259:/*EOF*/
        -:  260:/*EOF*/
        -:  261:/*EOF*/
        -:  262:/*EOF*/
        -:  263:/*EOF*/
        -:  264:/*EOF*/
        -:  265:/*EOF*/
        -:  266:/*EOF*/
        -:  267:/*EOF*/
        -:  268:/*EOF*/
        -:  269:/*EOF*/
        -:  270:/*EOF*/
        -:  271:/*EOF*/
        -:  272:/*EOF*/
        -:  273:/*EOF*/
        -:  274:/*EOF*/
        -:  275:/*EOF*/
        -:  276:/*EOF*/
        -:  277:/*EOF*/
        -:  278:/*EOF*/
        -:  279:/*EOF*/
        -:  280:/*EOF*/
        -:  281:/*EOF*/
        -:  282:/*EOF*/
        -:  283:/*EOF*/
        -:  284:/*EOF*/
        -:  285:/*EOF*/
        -:  286:/*EOF*/
        -:  287:/*EOF*/
        -:  288:/*EOF*/
        -:  289:/*EOF*/
        -:  290:/*EOF*/
        -:  291:/*EOF*/
        -:  292:/*EOF*/
        -:  293:/*EOF*/
        -:  294:/*EOF*/
        -:  295:/*EOF*/
        -:  296:/*EOF*/
        -:  297:/*EOF*/
        -:  298:/*EOF*/
        -:  299:/*EOF*/
        -:  300:/*EOF*/
        -:  301:/*EOF*/
        -:  302:/*EOF*/
        -:  303:/*EOF*/
        -:  304:/*EOF*/
        -:  305:/*EOF*/
        -:  306:/*EOF*/
        -:  307:/*EOF*/
        -:  308:/*EOF*/
        -:  309:/*EOF*/
        -:  310:/*EOF*/
        -:  311:/*EOF*/
        -:  312:/*EOF*/
        -:  313:/*EOF*/
        -:  314:/*EOF*/
        -:  315:/*EOF*/
        -:  316:/*EOF*/
        -:  317:/*EOF*/
        -:  318:/*EOF*/
        -:  319:/*EOF*/
        -:  320:/*EOF*/
        -:  321:/*EOF*/
        -:  322:/*EOF*/
        -:  323:/*EOF*/
        -:  324:/*EOF*/
        -:  325:/*EOF*/
        -:  326:/*EOF*/
        -:  327:/*EOF*/
        -:  328:/*EOF*/
        -:  329:/*EOF*/
        -:  330:/*EOF*/
        -:  331:/*EOF*/
        -:  332:/*EOF*/
        -:  333:/*EOF*/
        -:  334:/*EOF*/
        -:  335:/*EOF*/
        -:  336:/*EOF*/
        -:  337:/*EOF*/
        -:  338:/*EOF*/
        -:  339:/*EOF*/
        -:  340:/*EOF*/
        -:  341:/*EOF*/
        -:  342:/*EOF*/
        -:  343:/*EOF*/
        -:  344:/*EOF*/
        -:  345:/*EOF*/
        -:  346:/*EOF*/
        -:  347:/*EOF*/
        -:  348:/*EOF*/
        -:  349:/*EOF*/
        -:  350:/*EOF*/
        -:  351:/*EOF*/
        -:  352:/*EOF*/
        -:  353:/*EOF*/
        -:  354:/*EOF*/
        -:  355:/*EOF*/
        -:  356:/*EOF*/
        -:  357:/*EOF*/
        -:  358:/*EOF*/
        -:  359:/*EOF*/
        -:  360:/*EOF*/
        -:  361:/*EOF*/
        -:  362:/*EOF*/
        -:  363:/*EOF*/
        -:  364:/*EOF*/
        -:  365:/*EOF*/
        -:  366:/*EOF*/
        -:  367:/*EOF*/
        -:  368:/*EOF*/
        -:  369:/*EOF*/
        -:  370:/*EOF*/
        -:  371:/*EOF*/
        -:  372:/*EOF*/
        -:  373:/*EOF*/
        -:  374:/*EOF*/
        -:  375:/*EOF*/
        -:  376:/*EOF*/
        -:  377:/*EOF*/
        -:  378:/*EOF*/
        -:  379:/*EOF*/
        -:  380:/*EOF*/
        -:  381:/*EOF*/
        -:  382:/*EOF*/
        -:  383:/*EOF*/
        -:  384:/*EOF*/
        -:  385:/*EOF*/
        -:  386:/*EOF*/
        -:  387:/*EOF*/
        -:  388:/*EOF*/
        -:  389:/*EOF*/
        -:  390:/*EOF*/
        -:  391:/*EOF*/
        -:  392:/*EOF*/
        -:  393:/*EOF*/
        -:  394:/*EOF*/
        -:  395:/*EOF*/
        -:  396:/*EOF*/
        -:  397:/*EOF*/
        -:  398:/*EOF*/
        -:  399:/*EOF*/
        -:  400:/*EOF*/
        -:  401:/*EOF*/
        -:  402:/*EOF*/
        -:  403:/*EOF*/
        -:  404:/*EOF*/
        -:  405:/*EOF*/
        -:  406:/*EOF*/
        -:  407:/*EOF*/
        -:  408:/*EOF*/
        -:  409:/*EOF*/
        -:  410:/*EOF*/
        -:  411:/*EOF*/
        -:  412:/*EOF*/
        -:  413:/*EOF*/
        -:  414:/*EOF*/
        -:  415:/*EOF*/
        -:  416:/*EOF*/
        -:  417:/*EOF*/
        -:  418:/*EOF*/
        -:  419:/*EOF*/
        -:  420:/*EOF*/
        -:  421:/*EOF*/
        -:  422:/*EOF*/
        -:  423:/*EOF*/
        -:  424:/*EOF*/
        -:  425:/*EOF*/
        -:  426:/*EOF*/
        -:  427:/*EOF*/
        -:  428:/*EOF*/
        -:  429:/*EOF*/
        -:  430:/*EOF*/
        -:  431:/*EOF*/
        -:  432:/*EOF*/
        -:  433:/*EOF*/
        -:  434:/*EOF*/
        -:  435:/*EOF*/
        -:  436:/*EOF*/
        -:  437:/*EOF*/
        -:  438:/*EOF*/
        -:  439:/*EOF*/
        -:  440:/*EOF*/
        -:  441:/*EOF*/
        -:  442:/*EOF*/
        -:  443:/*EOF*/
        -:  444:/*EOF*/
        -:  445:/*EOF*/
        -:  446:/*EOF*/
        -:  447:/*EOF*/
        -:  448:/*EOF*/
        -:  449:/*EOF*/
        -:  450:/*EOF*/
        -:  451:/*EOF*/
        -:  452:/*EOF*/
        -:  453:/*EOF*/
        -:  454:/*EOF*/
        -:  455:/*EOF*/
        -:  456:/*EOF*/
        -:  457:/*EOF*/
        -:  458:/*EOF*/
        -:  459:/*EOF*/
        -:  460:/*EOF*/
        -:  461:/*EOF*/
        -:  462:/*EOF*/
        -:  463:/*EOF*/
        -:  464:/*EOF*/
        -:  465:/*EOF*/
        -:  466:/*EOF*/
        -:  467:/*EOF*/
        -:  468:/*EOF*/
        -:  469:/*EOF*/
        -:  470:/*EOF*/
        -:  471:/*EOF*/
        -:  472:/*EOF*/
        -:  473:/*EOF*/
        -:  474:/*EOF*/
        -:  475:/*EOF*/
        -:  476:/*EOF*/
        -:  477:/*EOF*/
        -:  478:/*EOF*/
        -:  479:/*EOF*/
        -:  480:/*EOF*/
        -:  481:/*EOF*/
        -:  482:/*EOF*/
        -:  483:/*EOF*/
        -:  484:/*EOF*/
        -:  485:/*EOF*/
        -:  486:/*EOF*/
        -:  487:/*EOF*/
        -:  488:/*EOF*/
        -:  489:/*EOF*/
        -:  490:/*EOF*/
        -:  491:/*EOF*/
        -:  492:/*EOF*/
        -:  493:/*EOF*/
        -:  494:/*EOF*/
        -:  495:/*EOF*/
        -:  496:/*EOF*/
        -:  497:/*EOF*/
        -:  498:/*EOF*/
        -:  499:/*EOF*/
        -:  500:/*EOF*/
        -:  501:/*EOF*/
        -:  502:/*EOF*/
        -:  503:/*EOF*/
        -:  504:/*EOF*/
        -:  505:/*EOF*/
        -:  506:/*EOF*/
        -:  507:/*EOF*/
        -:  508:/*EOF*/
        -:  509:/*EOF*/
        -:  510:/*EOF*/
        -:  511:/*EOF*/
        -:  512:/*EOF*/
        -:  513:/*EOF*/
        -:  514:/*EOF*/
        -:  515:/*EOF*/
        -:  516:/*EOF*/
        -:  517:/*EOF*/
        -:  518:/*EOF*/
        -:  519:/*EOF*/
        -:  520:/*EOF*/
        -:  521:/*EOF*/
        -:  522:/*EOF*/
        -:  523:/*EOF*/
        -:  524:/*EOF*/
        -:  525:/*EOF*/
        -:  526:/*EOF*/
        -:  527:/*EOF*/
        -:  528:/*EOF*/
        -:  529:/*EOF*/
        -:  530:/*EOF*/
        -:  531:/*EOF*/
        -:  532:/*EOF*/
        -:  533:/*EOF*/
        -:  534:/*EOF*/
        -:  535:/*EOF*/
        -:  536:/*EOF*/
        -:  537:/*EOF*/
        -:  538:/*EOF*/
        -:  539:/*EOF*/
        -:  540:/*EOF*/
        -:  541:/*EOF*/
        -:  542:/*EOF*/
        -:  543:/*EOF*/
        -:  544:/*EOF*/
        -:  545:/*EOF*/
        -:  546:/*EOF*/
        -:  547:/*EOF*/
        -:  548:/*EOF*/
        -:  549:/*EOF*/
        -:  550:/*EOF*/
        -:  551:/*EOF*/
        -:  552:/*EOF*/
        -:  553:/*EOF*/
        -:  554:/*EOF*/
        -:  555:/*EOF*/
        -:  556:/*EOF*/
        -:  557:/*EOF*/
        -:  558:/*EOF*/
        -:  559:/*EOF*/
        -:  560:/*EOF*/
        -:  561:/*EOF*/
        -:  562:/*EOF*/
        -:  563:/*EOF*/
        -:  564:/*EOF*/
        -:  565:/*EOF*/
        -:  566:/*EOF*/
        -:  567:/*EOF*/
        -:  568:/*EOF*/
        -:  569:/*EOF*/
        -:  570:/*EOF*/
        -:  571:/*EOF*/
        -:  572:/*EOF*/
        -:  573:/*EOF*/
        -:  574:/*EOF*/
        -:  575:/*EOF*/
        -:  576:/*EOF*/
        -:  577:/*EOF*/
        -:  578:/*EOF*/
        -:  579:/*EOF*/
        -:  580:/*EOF*/
        -:  581:/*EOF*/
        -:  582:/*EOF*/
        -:  583:/*EOF*/
        -:  584:/*EOF*/
        -:  585:/*EOF*/
        -:  586:/*EOF*/
        -:  587:/*EOF*/
        -:  588:/*EOF*/
        -:  589:/*EOF*/
       21:  590:/*EOF*/
       21:  590-block  0
        -:  591:/*EOF*/
        -:  592:/*EOF*/
        -:  593:/*EOF*/
        -:  594:/*EOF*/
        -:  595:/*EOF*/
        -:  596:/*EOF*/
        -:  597:/*EOF*/
        -:  598:/*EOF*/
        -:  599:/*EOF*/
       21:  600:/*EOF*/
       21:  600-block  0
        -:  601:/*EOF*/
        1:  602:/*EOF*/
        -:  603:/*EOF*/
        -:  604:/*EOF*/
        -:  605:/*EOF*/
        -:  606:/*EOF*/
        -:  607:/*EOF*/
        1:  608:/*EOF*/
        1:  608-block  0
        1:  609:/*EOF*/
        1:  609-block  0
        -:  610:/*EOF*/
        1:  611:/*EOF*/
        1:  611-block  0
    #####:  612:/*EOF*/
    $$$$$:  612-block  0
        -:  613:/*EOF*/
        1:  614:/*EOF*/
        1:  614-block  0
        1:  615:/*EOF*/
        1:  615-block  0
        -:  616:/*EOF*/
        1:  617:/*EOF*/
        1:  617-block  0
        1:  618:/*EOF*/
        1:  619:/*EOF*/
        1:  619-block  0
        -:  620:/*EOF*/
        1:  621:/*EOF*/
        1:  621-block  0
        -:  622:/*EOF*/
        -:  623:/*EOF*/
        -:  624:/*EOF*/
        -:  625:/*EOF*/
       25:  626:/*EOF*/
       25:  626-block  0
        -:  627:/*EOF*/
        -:  628:/*EOF*/
       46:  629:/*EOF*/
        -:  630:/*EOF*/
        -:  631:/*EOF*/
        -:  632:/*EOF*/
        -:  633:/*EOF*/
       46:  634:/*EOF*/
        -:  635:/*EOF*/
       46:  636:/*EOF*/
       46:  636-block  0
       26:  637:/*EOF*/
       26:  637-block  0
        -:  638:/*EOF*/
        -:  639:/*EOF*/
       73:  640:/*EOF*/
       73:  641:/*EOF*/
       73:  641-block  0
        -:  642:/*EOF*/
       26:  643:/*EOF*/
       26:  644:/*EOF*/
       26:  644-block  0
        -:  645:/*EOF*/
       98:  646:/*EOF*/
       73:  646-block  0
       98:  646-block  1
        -:  647:/*EOF*/
       25:  648:/*EOF*/
       25:  649:/*EOF*/
       25:  649-block  0
       11:  650:/*EOF*/
       11:  650-block  0
        -:  651:/*EOF*/
       73:  652:/*EOF*/
       73:  653:/*EOF*/
        -:  654:/*EOF*/
       73:  655:/*EOF*/
       73:  655-block  0
        -:  656:/*EOF*/
       47:  657:/*EOF*/
       47:  657-block  0
       47:  658:/*EOF*/
       47:  659:/*EOF*/
       47:  659-block  0
        -:  660:/*EOF*/
       14:  661:/*EOF*/
       14:  662:/*EOF*/
       14:  663:/*EOF*/
       14:  663-block  0
        -:  664:/*EOF*/
        -:  665:/*EOF*/
       47:  666:/*EOF*/
       47:  666-block  0
        -:  667:/*EOF*/
        -:  668:/*EOF*/
       48:  669:/*EOF*/
        -:  670:/*EOF*/
        -:  671:/*EOF*/
       48:  672:/*EOF*/
       48:  672-block  0
        -:  673:/*EOF*/
    #####:  674:/*EOF*/
        -:  675:/*EOF*/
    #####:  676:/*EOF*/
    #####:  677:/*EOF*/
    #####:  678:/*EOF*/
    #####:  679:/*EOF*/
    $$$$$:  679-block  0
        -:  680:/*EOF*/
    #####:  681:/*EOF*/
        -:  682:/*EOF*/
        -:  683:/*EOF*/
        -:  684:/*EOF*/
        -:  685:/*EOF*/
        -:  686:/*EOF*/
        -:  687:/*EOF*/
        -:  688:/*EOF*/
        -:  689:/*EOF*/
        -:  690:/*EOF*/
        -:  691:/*EOF*/
        -:  692:/*EOF*/
        -:  693:/*EOF*/
        -:  694:/*EOF*/
        -:  695:/*EOF*/
        -:  696:/*EOF*/
        -:  697:/*EOF*/
        -:  698:/*EOF*/
        -:  699:/*EOF*/
        -:  700:/*EOF*/
        -:  701:/*EOF*/
        -:  702:/*EOF*/
        -:  703:/*EOF*/
        -:  704:/*EOF*/
        -:  705:/*EOF*/
        -:  706:/*EOF*/
        -:  707:/*EOF*/
        -:  708:/*EOF*/
        -:  709:/*EOF*/
        -:  710:/*EOF*/
        -:  711:/*EOF*/
        -:  712:/*EOF*/
        -:  713:/*EOF*/
        -:  714:/*EOF*/
        -:  715:/*EOF*/
        -:  716:/*EOF*/
        -:  717:/*EOF*/
        -:  718:/*EOF*/
        -:  719:/*EOF*/
        -:  720:/*EOF*/
        -:  721:/*EOF*/
        -:  722:/*EOF*/
        -:  723:/*EOF*/
        -:  724:/*EOF*/
        -:  725:/*EOF*/
        -:  726:/*EOF*/
        -:  727:/*EOF*/
        -:  728:/*EOF*/
        -:  729:/*EOF*/
        -:  730:/*EOF*/
        -:  731:/*EOF*/
        -:  732:/*EOF*/
        -:  733:/*EOF*/
        -:  734:/*EOF*/
        -:  735:/*EOF*/
        -:  736:/*EOF*/
        -:  737:/*EOF*/
        -:  738:/*EOF*/
        -:  739:/*EOF*/
        -:  740:/*EOF*/
        -:  741:/*EOF*/
        -:  742:/*EOF*/
        -:  743:/*EOF*/
        -:  744:/*EOF*/
        -:  745:/*EOF*/
        -:  746:/*EOF*/
        -:  747:/*EOF*/
        -:  748:/*EOF*/
        -:  749:/*EOF*/
        -:  750:/*EOF*/
        -:  751:/*EOF*/
        -:  752:/*EOF*/
        -:  753:/*EOF*/
        -:  754:/*EOF*/
        -:  755:/*EOF*/
        -:  756:/*EOF*/
        -:  757:/*EOF*/
        -:  758:/*EOF*/
        -:  759:/*EOF*/
        -:  760:/*EOF*/
        -:  761:/*EOF*/
        -:  762:/*EOF*/
        -:  763:/*EOF*/
        -:  764:/*EOF*/
        -:  765:/*EOF*/
        -:  766:/*EOF*/
        -:  767:/*EOF*/
        -:  768:/*EOF*/
        -:  769:/*EOF*/
        -:  770:/*EOF*/
        -:  771:/*EOF*/
        -:  772:/*EOF*/
        -:  773:/*EOF*/
        -:  774:/*EOF*/
        -:  775:/*EOF*/
        -:  776:/*EOF*/
        -:  777:/*EOF*/
        -:  778:/*EOF*/
        -:  779:/*EOF*/
        -:  780:/*EOF*/
        -:  781:/*EOF*/
        -:  782:/*EOF*/
        -:  783:/*EOF*/
        -:  784:/*EOF*/
        -:  785:/*EOF*/
        -:  786:/*EOF*/
        -:  787:/*EOF*/
        -:  788:/*EOF*/
        -:  789:/*EOF*/
        -:  790:/*EOF*/
        -:  791:/*EOF*/
        -:  792:/*EOF*/
        -:  793:/*EOF*/
        -:  794:/*EOF*/
        -:  795:/*EOF*/
        -:  796:/*EOF*/
        -:  797:/*EOF*/
        -:  798:/*EOF*/
        -:  799:/*EOF*/
        -:  800:/*EOF*/
        -:  801:/*EOF*/
        -:  802:/*EOF*/
        -:  803:/*EOF*/
        -:  804:/*EOF*/
        -:  805:/*EOF*/
        -:  806:/*EOF*/
        -:  807:/*EOF*/
        -:  808:/*EOF*/
        -:  809:/*EOF*/
        -:  810:/*EOF*/
        -:  811:/*EOF*/
        -:  812:/*EOF*/
        -:  813:/*EOF*/
        -:  814:/*EOF*/
        -:  815:/*EOF*/
        -:  816:/*EOF*/
        -:  817:/*EOF*/
        -:  818:/*EOF*/
        -:  819:/*EOF*/
        -:  820:/*EOF*/
        -:  821:/*EOF*/
        -:  822:/*EOF*/
        -:  823:/*EOF*/
        -:  824:/*EOF*/
        -:  825:/*EOF*/
        -:  826:/*EOF*/
        -:  827:/*EOF*/
        -:  828:/*EOF*/
        -:  829:/*EOF*/
        -:  830:/*EOF*/
        -:  831:/*EOF*/
        -:  832:/*EOF*/
        -:  833:/*EOF*/
        -:  834:/*EOF*/
        -:  835:/*EOF*/
        -:  836:/*EOF*/
        -:  837:/*EOF*/
        -:  838:/*EOF*/
        -:  839:/*EOF*/
        -:  840:/*EOF*/
        -:  841:/*EOF*/
        -:  842:/*EOF*/
        -:  843:/*EOF*/
        -:  844:/*EOF*/
        -:  845:/*EOF*/
        -:  846:/*EOF*/
        -:  847:/*EOF*/
        -:  848:/*EOF*/
        -:  849:/*EOF*/
        -:  850:/*EOF*/
        -:  851:/*EOF*/
        -:  852:/*EOF*/
        -:  853:/*EOF*/
        -:  854:/*EOF*/
        -:  855:/*EOF*/
        -:  856:/*EOF*/
        -:  857:/*EOF*/
        -:  858:/*EOF*/
        -:  859:/*EOF*/
        -:  860:/*EOF*/
        -:  861:/*EOF*/
        -:  862:/*EOF*/
        -:  863:/*EOF*/
        -:  864:/*EOF*/
        -:  865:/*EOF*/
        -:  866:/*EOF*/
        -:  867:/*EOF*/
        -:  868:/*EOF*/
        -:  869:/*EOF*/
        -:  870:/*EOF*/
        -:  871:/*EOF*/
        -:  872:/*EOF*/
        -:  873:/*EOF*/
        -:  874:/*EOF*/
        -:  875:/*EOF*/
        -:  876:/*EOF*/
        -:  877:/*EOF*/
        -:  878:/*EOF*/
        1:  879:/*EOF*/
        1:  880:/*EOF*/
        1:  880-block  0
        -:  881:/*EOF*/
        2:  882:/*EOF*/
        -:  883:/*EOF*/
        -:  884:/*EOF*/
        2:  885:/*EOF*/
        -:  886:/*EOF*/
        -:  887:/*EOF*/
        2:  888:/*EOF*/
        -:  889:/*EOF*/
        -:  890:/*EOF*/
        2:  891:/*EOF*/
        2:  891-block  0
        -:  892:/*EOF*/
        -:  893:/*EOF*/
        -:  894:/*EOF*/
        -:  895:/*EOF*/
        -:  896:/*EOF*/
        -:  897:/*EOF*/
        -:  898:/*EOF*/
        -:  899:/*EOF*/
        -:  900:/*EOF*/
        -:  901:/*EOF*/
        1:  902:/*EOF*/
        1:  903:/*EOF*/
        1:  904:/*EOF*/
        1:  904-block  0
        -:  905:/*EOF*/
        -:  906:/*EOF*/
        -:  907:/*EOF*/
        -:  908:/*EOF*/
        -:  909:/*EOF*/
        -:  910:/*EOF*/
        -:  911:/*EOF*/
        -:  912:/*EOF*/
        -:  913:/*EOF*/
        2:  914:/*EOF*/
        2:  914-block  0
        -:  915:/*EOF*/
        -:  916:/*EOF*/
        -:  917:/*EOF*/
    #####:  918:/*EOF*/
        -:  919:/*EOF*/
    #####:  920:/*EOF*/
    $$$$$:  920-block  0
        -:  921:/*EOF*/
        -:  922:/*EOF*/
        -:  923:/*EOF*/
        -:  924:/*EOF*/
        -:  925:/*EOF*/
        -:  926:/*EOF*/
        -:  927:/*EOF*/
        -:  928:/*EOF*/
        -:  929:/*EOF*/
        -:  930:/*EOF*/
    #####:  931:/*EOF*/
        -:  932:/*EOF*/
    #####:  933:/*EOF*/
        -:  934:/*EOF*/
    #####:  935:/*EOF*/
        -:  936:/*EOF*/
        -:  937:/*EOF*/
    #####:  938:/*EOF*/
    #####:  939:/*EOF*/
    #####:  940:/*EOF*/
    $$$$$:  940-block  0
        -:  941:/*EOF*/
        -:  942:/*EOF*/
        -:  943:/*EOF*/
        -:  944:/*EOF*/
    #####:  945:/*EOF*/
    #####:  946:/*EOF*/
    $$$$$:  946-block  0
        -:  947:/*EOF*/
        -:  948:/*EOF*/
        -:  949:/*EOF*/
        2:  950:/*EOF*/
        2:  950-block  0
        -:  951:/*EOF*/
        1:  952:/*EOF*/
        -:  953:/*EOF*/
        1:  954:/*EOF*/
        -:  955:/*EOF*/
        1:  956:/*EOF*/
        1:  956-block  0
        -:  957:/*EOF*/
        -:  958:/*EOF*/
        -:  959:/*EOF*/
        -:  960:/*EOF*/
        -:  961:/*EOF*/
        -:  962:/*EOF*/
        -:  963:/*EOF*/
        -:  964:/*EOF*/
        -:  965:/*EOF*/
        -:  966:/*EOF*/
        1:  967:/*EOF*/
        -:  968:/*EOF*/
        1:  969:/*EOF*/
        1:  970:/*EOF*/
        1:  970-block  0
        -:  971:/*EOF*/
        -:  972:/*EOF*/
        -:  973:/*EOF*/
        -:  974:/*EOF*/
    #####:  975:/*EOF*/
    $$$$$:  975-block  0
    #####:  976:/*EOF*/
    $$$$$:  976-block  0
        -:  977:/*EOF*/
    #####:  978:/*EOF*/
    $$$$$:  978-block  0
        -:  979:/*EOF*/
        -:  980:/*EOF*/
        1:  981:/*EOF*/
        1:  982:/*EOF*/
        1:  983:/*EOF*/
        -:  984:/*EOF*/
        1:  985:/*EOF*/
        1:  985-block  0
        -:  986:/*EOF*/
        1:  987:/*EOF*/
        1:  988:/*EOF*/
        1:  989:/*EOF*/
        -:  990:/*EOF*/
    #####:  991:/*EOF*/
    #####:  992:/*EOF*/
    #####:  993:/*EOF*/
        -:  994:/*EOF*/
    #####:  995:/*EOF*/
    $$$$$:  995-block  0
        -:  996:/*EOF*/
    #####:  997:/*EOF*/
    #####:  998:/*EOF*/
    #####:  999:/*EOF*/
        -: 1000:/*EOF*/
    #####: 1001:/*EOF*/
    $$$$$: 1001-block  0
        -: 1002:/*EOF*/
        -: 1003:/*EOF*/
    #####: 1004:/*EOF*/
    #####: 1005:/*EOF*/
    $$$$$: 1005-block  0
        -: 1006:/*EOF*/
        -: 1007:/*EOF*/
        -: 1008:/*EOF*/
        -: 1009:/*EOF*/
        -: 1010:/*EOF*/
        -: 1011:/*EOF*/
        -: 1012:/*EOF*/
        -: 1013:/*EOF*/
        -: 1014:/*EOF*/
        -: 1015:/*EOF*/
        -: 1016:/*EOF*/
        -: 1017:/*EOF*/
        -: 1018:/*EOF*/
        -: 1019:/*EOF*/
        2: 1020:/*EOF*/
        2: 1020-block  0
        -: 1021:/*EOF*/
        2: 1022:/*EOF*/
        2: 1023:/*EOF*/
        -: 1024:/*EOF*/
        -: 1025:/*EOF*/
        -: 1026:/*EOF*/
        2: 1027:/*EOF*/
        2: 1027-block  0
    #####: 1028:/*EOF*/
    $$$$$: 1028-block  0
        -: 1029:/*EOF*/
        -: 1030:/*EOF*/
        2: 1031:/*EOF*/
        2: 1031-block  0
        -: 1032:/*EOF*/
    #####: 1033:/*EOF*/
    $$$$$: 1033-block  0
        -: 1034:/*EOF*/
        -: 1035:/*EOF*/
        -: 1036:/*EOF*/
        -: 1037:/*EOF*/
    #####: 1038:/*EOF*/
    $$$$$: 1038-block  0
        -: 1039:/*EOF*/
        -: 1040:/*EOF*/
        -: 1041:/*EOF*/
        -: 1042:/*EOF*/
        -: 1043:/*EOF*/
        -: 1044:/*EOF*/
        -: 1045:/*EOF*/
    #####: 1046:/*EOF*/
    $$$$$: 1046-block  0
        -: 1047:/*EOF*/
        -: 1048:/*EOF*/
        -: 1049:/*EOF*/
        -: 1050:/*EOF*/
        -: 1051:/*EOF*/
        -: 1052:/*EOF*/
        2: 1053:/*EOF*/
        -: 1054:/*EOF*/
        2: 1055:/*EOF*/
        2: 1055-block  0
    $$$$$: 1055-block  1
        2: 1055-block  2
    #####: 1056:/*EOF*/
        -: 1057:/*EOF*/
        2: 1058:/*EOF*/
        2: 1058-block  0
        -: 1059:/*EOF*/
        -: 1060:/*EOF*/
        -: 1061:/*EOF*/
    #####: 1062:/*EOF*/
    $$$$$: 1062-block  0
        -: 1063:/*EOF*/
        -: 1064:/*EOF*/
        -: 1065:/*EOF*/
        2: 1066:/*EOF*/
        2: 1067:/*EOF*/
        -: 1068:/*EOF*/
        2: 1069:/*EOF*/
        2: 1069-block  0
        2: 1069-block  1
        -: 1070:/*EOF*/
        -: 1071:/*EOF*/
        -: 1072:/*EOF*/
        -: 1073:/*EOF*/
        -: 1074:/*EOF*/
        -: 1075:/*EOF*/
        -: 1076:/*EOF*/
    #####: 1077:/*EOF*/
        -: 1078:/*EOF*/
    #####: 1079:/*EOF*/
    #####: 1080:/*EOF*/
        -: 1081:/*EOF*/
    #####: 1082:/*EOF*/
    $$$$$: 1082-block  0
        -: 1083:/*EOF*/
    #####: 1084:/*EOF*/
        -: 1085:/*EOF*/
    #####: 1086:/*EOF*/
    $$$$$: 1086-block  0
    #####: 1087:/*EOF*/
    $$$$$: 1087-block  0
        -: 1088:/*EOF*/
    #####: 1089:/*EOF*/
    $$$$$: 1089-block  0
        -: 1090:/*EOF*/
    #####: 1091:/*EOF*/
        -: 1092:/*EOF*/
    #####: 1093:/*EOF*/
    $$$$$: 1093-block  0
    #####: 1094:/*EOF*/
        -: 1095:/*EOF*/
        -: 1096:/*EOF*/
        -: 1097:/*EOF*/
    #####: 1098:/*EOF*/
    $$$$$: 1098-block  0
        -: 1099:/*EOF*/
    #####: 1100:/*EOF*/
    $$$$$: 1100-block  0
    #####: 1101:/*EOF*/
    $$$$$: 1101-block  0
        -: 1102:/*EOF*/
        -: 1103:/*EOF*/
    #####: 1104:/*EOF*/
        -: 1105:/*EOF*/
    #####: 1106:/*EOF*/
    $$$$$: 1106-block  0
    #####: 1107:/*EOF*/
        -: 1108:/*EOF*/
        -: 1109:/*EOF*/
        -: 1110:/*EOF*/
        2: 1111:/*EOF*/
        2: 1111-block  0
        2: 1112:/*EOF*/
        2: 1112-block  0
        -: 1113:/*EOF*/
        -: 1114:/*EOF*/
        2: 1115:/*EOF*/
        2: 1115-block  0
    $$$$$: 1115-block  1
    $$$$$: 1115-block  2
    $$$$$: 1115-block  3
    $$$$$: 1115-block  4
    $$$$$: 1115-block  5
    $$$$$: 1115-block  6
    $$$$$: 1115-block  7
    $$$$$: 1115-block  8
    $$$$$: 1115-block  9
    $$$$$: 1115-block 10
    $$$$$: 1115-block 11
        2: 1115-block 12
        1: 1115-block 13
    $$$$$: 1115-block 14
        -: 1116:/*EOF*/
        -: 1117:/*EOF*/
        2: 1118:/*EOF*/
        2: 1118-block  0
        -: 1119:/*EOF*/
        -: 1120:/*EOF*/
        2: 1121:/*EOF*/
        2: 1121-block  0
        -: 1122:/*EOF*/
        1: 1123:/*EOF*/
        1: 1123-block  0
        -: 1124:/*EOF*/
        1: 1125:/*EOF*/
        1: 1126:/*EOF*/
        1: 1126-block  0
        -: 1127:/*EOF*/
        -: 1128:/*EOF*/
        -: 1129:/*EOF*/
        -: 1130:/*EOF*/
    #####: 1131:/*EOF*/
        1: 1132:/*EOF*/
    $$$$$: 1132-block  0
        1: 1132-block  1
        -: 1133:/*EOF*/
        -: 1134:/*EOF*/
        -: 1135:/*EOF*/
        -: 1136:/*EOF*/
        -: 1137:/*EOF*/
        1: 1138:/*EOF*/
        1: 1138-block  0
        -: 1139:/*EOF*/
        2: 1140:/*EOF*/
        2: 1141:/*EOF*/
        2: 1142:/*EOF*/
        -: 1143:/*EOF*/
        2: 1144:/*EOF*/
        -: 1145:/*EOF*/
        2: 1146:/*EOF*/
        2: 1146-block  0
        -: 1147:/*EOF*/
        -: 1148:/*EOF*/
        -: 1149:/*EOF*/
        -: 1150:/*EOF*/
        -: 1151:/*EOF*/
        1: 1152:/*EOF*/
        1: 1152-block  0
        -: 1153:/*EOF*/
        -: 1154:/*EOF*/
        -: 1155:/*EOF*/
        -: 1156:/*EOF*/
        1: 1157:/*EOF*/
        -: 1158:/*EOF*/
        1: 1159:/*EOF*/
        1: 1159-block  0
    $$$$$: 1159-block  1
        1: 1159-block  2
        -: 1160:/*EOF*/
    #####: 1161:/*EOF*/
    $$$$$: 1161-block  0
    $$$$$: 1161-block  1
    $$$$$: 1161-block  2
    #####: 1162:/*EOF*/
    $$$$$: 1162-block  0
        -: 1163:/*EOF*/
    #####: 1164:/*EOF*/
    #####: 1165:/*EOF*/
    $$$$$: 1165-block  0
        -: 1166:/*EOF*/
    #####: 1167:/*EOF*/
    $$$$$: 1167-block  0
    $$$$$: 1167-block  1
        -: 1168:/*EOF*/
    #####: 1169:/*EOF*/
    #####: 1170:/*EOF*/
    $$$$$: 1170-block  0
    #####: 1171:/*EOF*/
    $$$$$: 1171-block  0
        -: 1172:/*EOF*/
    #####: 1173:/*EOF*/
        -: 1174:/*EOF*/
        -: 1175:/*EOF*/
        1: 1176:/*EOF*/
        1: 1176-block  0
        -: 1177:/*EOF*/
        -: 1178:/*EOF*/
        -: 1179:/*EOF*/
        -: 1180:/*EOF*/
        -: 1181:/*EOF*/
        -: 1182:/*EOF*/
        -: 1183:/*EOF*/
        -: 1184:/*EOF*/
        -: 1185:/*EOF*/
        -: 1186:/*EOF*/
    #####: 1187:/*EOF*/
    $$$$$: 1187-block  0
        -: 1188:/*EOF*/
        -: 1189:/*EOF*/
        -: 1190:/*EOF*/
        -: 1191:/*EOF*/
        -: 1192:/*EOF*/
        -: 1193:/*EOF*/
    #####: 1194:/*EOF*/
        -: 1195:/*EOF*/
    #####: 1196:/*EOF*/
    #####: 1197:/*EOF*/
    $$$$$: 1197-block  0
        -: 1198:/*EOF*/
    #####: 1199:/*EOF*/
    #####: 1200:/*EOF*/
    $$$$$: 1200-block  0
        -: 1201:/*EOF*/
    #####: 1202:/*EOF*/
    $$$$$: 1202-block  0
    $$$$$: 1202-block  1
        -: 1203:/*EOF*/
    #####: 1204:/*EOF*/
    #####: 1205:/*EOF*/
    $$$$$: 1205-block  0
    #####: 1206:/*EOF*/
    $$$$$: 1206-block  0
        -: 1207:/*EOF*/
    #####: 1208:/*EOF*/
    #####: 1209:/*EOF*/
        -: 1210:/*EOF*/
    #####: 1211:/*EOF*/
    $$$$$: 1211-block  0
    $$$$$: 1211-block  1
    $$$$$: 1211-block  2
    $$$$$: 1211-block  3
        -: 1212:/*EOF*/
        -: 1213:/*EOF*/
        -: 1214:/*EOF*/
        -: 1215:/*EOF*/
        -: 1216:/*EOF*/
    #####: 1217:/*EOF*/
    $$$$$: 1217-block  0
        -: 1218:/*EOF*/
        -: 1219:/*EOF*/
        -: 1220:/*EOF*/
        -: 1221:/*EOF*/
        -: 1222:/*EOF*/
        -: 1223:/*EOF*/
    #####: 1224:/*EOF*/
        -: 1225:/*EOF*/
        -: 1226:/*EOF*/
    #####: 1227:/*EOF*/
        -: 1228:/*EOF*/
    #####: 1229:/*EOF*/
    $$$$$: 1229-block  0
        -: 1230:/*EOF*/
        -: 1231:/*EOF*/
    #####: 1232:/*EOF*/
    #####: 1233:/*EOF*/
    #####: 1234:/*EOF*/
    #####: 1235:/*EOF*/
    #####: 1236:/*EOF*/
        -: 1237:/*EOF*/
    #####: 1238:/*EOF*/
    $$$$$: 1238-block  0
    $$$$$: 1238-block  1
    #####: 1239:/*EOF*/
    $$$$$: 1239-block  0
        -: 1240:/*EOF*/
    #####: 1241:/*EOF*/
    #####: 1242:/*EOF*/
    #####: 1243:/*EOF*/
    #####: 1244:/*EOF*/
        -: 1245:/*EOF*/
    #####: 1246:/*EOF*/
    $$$$$: 1246-block  0
    #####: 1247:/*EOF*/
    $$$$$: 1247-block  0
        -: 1248:/*EOF*/
        -: 1249:/*EOF*/
    #####: 1250:/*EOF*/
        -: 1251:/*EOF*/
        -: 1252:/*EOF*/
    #####: 1253:/*EOF*/
    #####: 1254:/*EOF*/
    #####: 1255:/*EOF*/
    #####: 1256:/*EOF*/
        -: 1257:/*EOF*/
        -: 1258:/*EOF*/
        -: 1259:/*EOF*/
        -: 1260:/*EOF*/
        -: 1261:/*EOF*/
        -: 1262:/*EOF*/
    #####: 1263:/*EOF*/
    $$$$$: 1263-block  0
        -: 1264:/*EOF*/
        -: 1265:/*EOF*/
        -: 1266:/*EOF*/
        -: 1267:/*EOF*/
    #####: 1268:/*EOF*/
        -: 1269:/*EOF*/
    #####: 1270:/*EOF*/
    $$$$$: 1270-block  0
        -: 1271:/*EOF*/
        -: 1272:/*EOF*/
        -: 1273:/*EOF*/
        -: 1274:/*EOF*/
        -: 1275:/*EOF*/
    #####: 1276:/*EOF*/
    $$$$$: 1276-block  0
        -: 1277:/*EOF*/
    #####: 1278:/*EOF*/
    $$$$$: 1278-block  0
        -: 1279:/*EOF*/
        -: 1280:/*EOF*/
        -: 1281:/*EOF*/
    #####: 1282:/*EOF*/
    #####: 1283:/*EOF*/
        -: 1284:/*EOF*/
    #####: 1285:/*EOF*/
    $$$$$: 1285-block  0
        -: 1286:/*EOF*/
    #####: 1287:/*EOF*/
        -: 1288:/*EOF*/
        -: 1289:/*EOF*/
        -: 1290:/*EOF*/
        -: 1291:/*EOF*/
        -: 1292:/*EOF*/
        -: 1293:/*EOF*/
        -: 1294:/*EOF*/
        -: 1295:/*EOF*/
        -: 1296:/*EOF*/
        -: 1297:/*EOF*/
        -: 1298:/*EOF*/
    #####: 1299:/*EOF*/
    $$$$$: 1299-block  0
        -: 1300:/*EOF*/
        -: 1301:/*EOF*/
        -: 1302:/*EOF*/
    #####: 1303:/*EOF*/
        -: 1304:/*EOF*/
    #####: 1305:/*EOF*/
    $$$$$: 1305-block  0
    #####: 1306:/*EOF*/
    $$$$$: 1306-block  0
        -: 1307:/*EOF*/
    #####: 1308:/*EOF*/
    $$$$$: 1308-block  0
    #####: 1309:/*EOF*/
    $$$$$: 1309-block  0
        -: 1310:/*EOF*/
        -: 1311:/*EOF*/
        -: 1312:/*EOF*/
    #####: 1313:/*EOF*/
    $$$$$: 1313-block  0
        -: 1314:/*EOF*/
        -: 1315:/*EOF*/
        -: 1316:/*EOF*/
    #####: 1317:/*EOF*/
    #####: 1318:/*EOF*/
    #####: 1319:/*EOF*/
    $$$$$: 1319-block  0
        -: 1320:/*EOF*/
        -: 1321:/*EOF*/
        -: 1322:/*EOF*/
        -: 1323:/*EOF*/
    #####: 1324:/*EOF*/
    #####: 1325:/*EOF*/
    #####: 1326:/*EOF*/
        -: 1327:/*EOF*/
        -: 1328:/*EOF*/
    #####: 1329:/*EOF*/
    $$$$$: 1329-block  0
        -: 1330:/*EOF*/
        -: 1331:/*EOF*/
        -: 1332:/*EOF*/
        -: 1333:/*EOF*/
        1: 1334:/*EOF*/
        1: 1334-block  0
        -: 1335:/*EOF*/
        -: 1336:/*EOF*/
        -: 1337:/*EOF*/
        -: 1338:/*EOF*/
        -: 1339:/*EOF*/
        1: 1340:/*EOF*/
        1: 1340-block  0
    #####: 1341:/*EOF*/
    $$$$$: 1341-block  0
        -: 1342:/*EOF*/
        1: 1343:/*EOF*/
        1: 1343-block  0
        1: 1344:/*EOF*/
        1: 1345:/*EOF*/
        -: 1346:/*EOF*/
        -: 1347:/*EOF*/
        -: 1348:/*EOF*/
    #####: 1349:/*EOF*/
    $$$$$: 1349-block  0
        -: 1350:/*EOF*/
        -: 1351:/*EOF*/
        -: 1352:/*EOF*/
        -: 1353:/*EOF*/
        -: 1354:/*EOF*/
    #####: 1355:/*EOF*/
    $$$$$: 1355-block  0
    #####: 1356:/*EOF*/
    $$$$$: 1356-block  0
        -: 1357:/*EOF*/
    #####: 1358:/*EOF*/
    $$$$$: 1358-block  0
        -: 1359:/*EOF*/
        -: 1360:/*EOF*/
    #####: 1361:/*EOF*/
    #####: 1362:/*EOF*/
    #####: 1363:/*EOF*/
    $$$$$: 1363-block  0
        -: 1364:/*EOF*/
        -: 1365:/*EOF*/
    #####: 1366:/*EOF*/
    #####: 1367:/*EOF*/
    $$$$$: 1367-block  0
        -: 1368:/*EOF*/
        -: 1369:/*EOF*/
        -: 1370:/*EOF*/
        -: 1371:/*EOF*/
        -: 1372:/*EOF*/
        -: 1373:/*EOF*/
    #####: 1374:/*EOF*/
        -: 1375:/*EOF*/
        -: 1376:/*EOF*/
        -: 1377:/*EOF*/
        -: 1378:/*EOF*/
        3: 1379:/*EOF*/
        3: 1379-block  0
        -: 1380:/*EOF*/
        -: 1381:/*EOF*/
        -: 1382:/*EOF*/
        -: 1383:/*EOF*/
        3: 1384:/*EOF*/
        3: 1385:/*EOF*/
        3: 1386:/*EOF*/
        3: 1387:/*EOF*/
        3: 1388:/*EOF*/
        -: 1389:/*EOF*/
        -: 1390:/*EOF*/
        -: 1391:/*EOF*/
        1: 1392:/*EOF*/
        1: 1392-block  0
        -: 1393:/*EOF*/
        -: 1394:/*EOF*/
        -: 1395:/*EOF*/
        -: 1396:/*EOF*/
        -: 1397:/*EOF*/
        -: 1398:/*EOF*/
        -: 1399:/*EOF*/
        -: 1400:/*EOF*/
        1: 1401:/*EOF*/
        1: 1401-block  0
        1: 1402:/*EOF*/
    #####: 1403:/*EOF*/
    $$$$$: 1403-block  0
        -: 1404:/*EOF*/
        1: 1405:/*EOF*/
        -: 1406:/*EOF*/
        -: 1407:/*EOF*/
        -: 1408:/*EOF*/
        -: 1409:/*EOF*/
        1: 1410:/*EOF*/
        1: 1410-block  0
        1: 1411:/*EOF*/
    #####: 1412:/*EOF*/
    $$$$$: 1412-block  0
        -: 1413:/*EOF*/
        1: 1414:/*EOF*/
        -: 1415:/*EOF*/
        1: 1416:/*EOF*/
        1: 1416-block  0
        -: 1417:/*EOF*/
        1: 1418:/*EOF*/
        -: 1419:/*EOF*/
        -: 1420:/*EOF*/
        -: 1421:/*EOF*/
        -: 1422:/*EOF*/
    #####: 1423:/*EOF*/
    $$$$$: 1423-block  0
        -: 1424:/*EOF*/
        -: 1425:/*EOF*/
        -: 1426:/*EOF*/
        -: 1427:/*EOF*/
        -: 1428:/*EOF*/
    #####: 1429:/*EOF*/
    $$$$$: 1429-block  0
    #####: 1430:/*EOF*/
    $$$$$: 1430-block  0
        -: 1431:/*EOF*/
    #####: 1432:/*EOF*/
    $$$$$: 1432-block  0
    #####: 1433:/*EOF*/
    $$$$$: 1433-block  0
        -: 1434:/*EOF*/
    #####: 1435:/*EOF*/
    $$$$$: 1435-block  0
    #####: 1436:/*EOF*/
    $$$$$: 1436-block  0
        -: 1437:/*EOF*/
    #####: 1438:/*EOF*/
    $$$$$: 1438-block  0
        -: 1439:/*EOF*/
        -: 1440:/*EOF*/
        -: 1441:/*EOF*/
        -: 1442:/*EOF*/
        -: 1443:/*EOF*/
        -: 1444:/*EOF*/
        -: 1445:/*EOF*/
        -: 1446:/*EOF*/
        -: 1447:/*EOF*/
        -: 1448:/*EOF*/
        2: 1449:/*EOF*/
        2: 1449-block  0
        -: 1450:/*EOF*/
        -: 1451:/*EOF*/
        -: 1452:/*EOF*/
        -: 1453:/*EOF*/
        -: 1454:/*EOF*/
        -: 1455:/*EOF*/
        -: 1456:/*EOF*/
        -: 1457:/*EOF*/
        2: 1458:/*EOF*/
        2: 1458-block  0
        -: 1459:/*EOF*/
        2: 1460:/*EOF*/
        2: 1461:/*EOF*/
        -: 1462:/*EOF*/
        -: 1463:/*EOF*/
        -: 1464:/*EOF*/
        -: 1465:/*EOF*/
        -: 1466:/*EOF*/
        -: 1467:/*EOF*/
        -: 1468:/*EOF*/
        2: 1469:/*EOF*/
        2: 1469-block  0
    $$$$$: 1469-block  1
        2: 1469-block  2
        -: 1470:/*EOF*/
        -: 1471:/*EOF*/
        2: 1472:/*EOF*/
        -: 1473:/*EOF*/
        -: 1474:/*EOF*/
        -: 1475:/*EOF*/
        2: 1476:/*EOF*/
        2: 1476-block  0
        -: 1477:/*EOF*/
        -: 1478:/*EOF*/
        -: 1479:/*EOF*/
        -: 1480:/*EOF*/
        -: 1481:/*EOF*/
        -: 1482:/*EOF*/
        2: 1483:/*EOF*/
        2: 1483-block  0
    #####: 1484:/*EOF*/
    $$$$$: 1484-block  0
        -: 1485:/*EOF*/
        2: 1486:/*EOF*/
        -: 1487:/*EOF*/
        -: 1488:/*EOF*/
        -: 1489:/*EOF*/
        -: 1490:/*EOF*/
        -: 1491:/*EOF*/
        2: 1492:/*EOF*/
        2: 1493:/*EOF*/
        -: 1494:/*EOF*/
        2: 1495:/*EOF*/
        -: 1496:/*EOF*/
        2: 1497:/*EOF*/
        2: 1498:/*EOF*/
        -: 1499:/*EOF*/
        2: 1500:/*EOF*/
        2: 1500-block  0
        1: 1501:/*EOF*/
        1: 1501-block  0
        -: 1502:/*EOF*/
        -: 1503:/*EOF*/
        -: 1504:/*EOF*/
        -: 1505:/*EOF*/
        -: 1506:/*EOF*/
    #####: 1507:/*EOF*/
    $$$$$: 1507-block  0
        -: 1508:/*EOF*/
        -: 1509:/*EOF*/
        -: 1510:/*EOF*/
        -: 1511:/*EOF*/
        -: 1512:/*EOF*/
        -: 1513:/*EOF*/
        -: 1514:/*EOF*/
        -: 1515:/*EOF*/
    #####: 1516:/*EOF*/
    $$$$$: 1516-block  0
    $$$$$: 1516-block  1
    #####: 1517:/*EOF*/
    $$$$$: 1517-block  0
    #####: 1518:/*EOF*/
        -: 1519:/*EOF*/
    #####: 1520:/*EOF*/
    $$$$$: 1520-block  0
        -: 1521:/*EOF*/
    #####: 1522:/*EOF*/
    $$$$$: 1522-block  0
    #####: 1523:/*EOF*/
    #####: 1524:/*EOF*/
    $$$$$: 1524-block  0
        -: 1525:/*EOF*/
    #####: 1526:/*EOF*/
    #####: 1527:/*EOF*/
    #####: 1528:/*EOF*/
    #####: 1529:/*EOF*/
    #####: 1530:/*EOF*/
    #####: 1531:/*EOF*/
    #####: 1532:/*EOF*/
    #####: 1533:/*EOF*/
    #####: 1534:/*EOF*/
        -: 1535:/*EOF*/
    #####: 1536:/*EOF*/
    $$$$$: 1536-block  0
        -: 1537:/*EOF*/
    #####: 1538:/*EOF*/
        -: 1539:/*EOF*/
        -: 1540:/*EOF*/
        -: 1541:/*EOF*/
        -: 1542:/*EOF*/
        -: 1543:/*EOF*/
        -: 1544:/*EOF*/
    #####: 1545:/*EOF*/
    $$$$$: 1545-block  0
        -: 1546:/*EOF*/
        -: 1547:/*EOF*/
        -: 1548:/*EOF*/
        -: 1549:/*EOF*/
        -: 1550:/*EOF*/
        -: 1551:/*EOF*/
    #####: 1552:/*EOF*/
    $$$$$: 1552-block  0
    $$$$$: 1552-block  1
    $$$$$: 1552-block  2
        -: 1553:/*EOF*/
        -: 1554:/*EOF*/
    #####: 1555:/*EOF*/
    $$$$$: 1555-block  0
        -: 1556:/*EOF*/
        -: 1557:/*EOF*/
        -: 1558:/*EOF*/
        -: 1559:/*EOF*/
        -: 1560:/*EOF*/
        -: 1561:/*EOF*/
    #####: 1562:/*EOF*/
    $$$$$: 1562-block  0
        -: 1563:/*EOF*/
        -: 1564:/*EOF*/
        -: 1565:/*EOF*/
        -: 1566:/*EOF*/
        -: 1567:/*EOF*/
        -: 1568:/*EOF*/
        -: 1569:/*EOF*/
        -: 1570:/*EOF*/
        -: 1571:/*EOF*/
        -: 1572:/*EOF*/
        -: 1573:/*EOF*/
        -: 1574:/*EOF*/
    #####: 1575:/*EOF*/
    #####: 1576:/*EOF*/
    $$$$$: 1576-block  0
    #####: 1577:/*EOF*/
    #####: 1578:/*EOF*/
    $$$$$: 1578-block  0
        -: 1579:/*EOF*/
    #####: 1580:/*EOF*/
    $$$$$: 1580-block  0
    $$$$$: 1580-block  1
    $$$$$: 1580-block  2
    #####: 1581:/*EOF*/
        -: 1582:/*EOF*/
    #####: 1583:/*EOF*/
        -: 1584:/*EOF*/
    #####: 1585:/*EOF*/
    $$$$$: 1585-block  0
    #####: 1586:/*EOF*/
    #####: 1587:/*EOF*/
    $$$$$: 1587-block  0
        -: 1588:/*EOF*/
        -: 1589:/*EOF*/
        -: 1590:/*EOF*/
        -: 1591:/*EOF*/
    #####: 1592:/*EOF*/
        -: 1593:/*EOF*/
    #####: 1594:/*EOF*/
    $$$$$: 1594-block  0
        -: 1595:/*EOF*/
        -: 1596:/*EOF*/
        -: 1597:/*EOF*/
        -: 1598:/*EOF*/
        -: 1599:/*EOF*/
        -: 1600:/*EOF*/
        -: 1601:/*EOF*/
        -: 1602:/*EOF*/
        -: 1603:/*EOF*/
        -: 1604:/*EOF*/
        -: 1605:/*EOF*/
        -: 1606:/*EOF*/
        -: 1607:/*EOF*/
        -: 1608:/*EOF*/
        -: 1609:/*EOF*/
        -: 1610:/*EOF*/
        -: 1611:/*EOF*/
        -: 1612:/*EOF*/
        -: 1613:/*EOF*/
        -: 1614:/*EOF*/
        -: 1615:/*EOF*/
        -: 1616:/*EOF*/
        -: 1617:/*EOF*/
        -: 1618:/*EOF*/
        -: 1619:/*EOF*/
        -: 1620:/*EOF*/
        -: 1621:/*EOF*/
        -: 1622:/*EOF*/
        -: 1623:/*EOF*/
        -: 1624:/*EOF*/
        -: 1625:/*EOF*/
        -: 1626:/*EOF*/
        -: 1627:/*EOF*/
        -: 1628:/*EOF*/
        -: 1629:/*EOF*/
        -: 1630:/*EOF*/
        -: 1631:/*EOF*/
        -: 1632:/*EOF*/
        -: 1633:/*EOF*/
        -: 1634:/*EOF*/
        -: 1635:/*EOF*/
        -: 1636:/*EOF*/
        -: 1637:/*EOF*/
        -: 1638:/*EOF*/
        -: 1639:/*EOF*/
        -: 1640:/*EOF*/
        -: 1641:/*EOF*/
        -: 1642:/*EOF*/
        -: 1643:/*EOF*/
        -: 1644:/*EOF*/
        -: 1645:/*EOF*/
        -: 1646:/*EOF*/
        -: 1647:/*EOF*/
        -: 1648:/*EOF*/
        -: 1649:/*EOF*/
        -: 1650:/*EOF*/
        -: 1651:/*EOF*/
        -: 1652:/*EOF*/
        -: 1653:/*EOF*/
        -: 1654:/*EOF*/
        -: 1655:/*EOF*/
    #####: 1656:/*EOF*/
    $$$$$: 1656-block  0
        -: 1657:/*EOF*/
        -: 1658:/*EOF*/
        -: 1659:/*EOF*/
        -: 1660:/*EOF*/
        -: 1661:/*EOF*/
    #####: 1662:/*EOF*/
    $$$$$: 1662-block  0
    #####: 1663:/*EOF*/
        -: 1664:/*EOF*/
        -: 1665:/*EOF*/
        -: 1666:/*EOF*/
        -: 1667:/*EOF*/
        -: 1668:/*EOF*/
        -: 1669:/*EOF*/
        -: 1670:/*EOF*/
        -: 1671:/*EOF*/
        -: 1672:/*EOF*/
        -: 1673:/*EOF*/
        -: 1674:/*EOF*/
        -: 1675:/*EOF*/
        -: 1676:/*EOF*/
        -: 1677:/*EOF*/
        -: 1678:/*EOF*/
        -: 1679:/*EOF*/
        -: 1680:/*EOF*/
        -: 1681:/*EOF*/
        -: 1682:/*EOF*/
        -: 1683:/*EOF*/
        -: 1684:/*EOF*/
        -: 1685:/*EOF*/
        -: 1686:/*EOF*/
        -: 1687:/*EOF*/
        -: 1688:/*EOF*/
        -: 1689:/*EOF*/
        -: 1690:/*EOF*/
        -: 1691:/*EOF*/
        -: 1692:/*EOF*/
        -: 1693:/*EOF*/
        -: 1694:/*EOF*/
        -: 1695:/*EOF*/
        -: 1696:/*EOF*/
        -: 1697:/*EOF*/
        -: 1698:/*EOF*/
        -: 1699:/*EOF*/
        -: 1700:/*EOF*/
        -: 1701:/*EOF*/
        -: 1702:/*EOF*/
        -: 1703:/*EOF*/
        -: 1704:/*EOF*/
        -: 1705:/*EOF*/
        -: 1706:/*EOF*/
        -: 1707:/*EOF*/
        -: 1708:/*EOF*/
        -: 1709:/*EOF*/
        -: 1710:/*EOF*/
        -: 1711:/*EOF*/
        -: 1712:/*EOF*/
        -: 1713:/*EOF*/
        -: 1714:/*EOF*/
        -: 1715:/*EOF*/
        -: 1716:/*EOF*/
        -: 1717:/*EOF*/
        -: 1718:/*EOF*/
        -: 1719:/*EOF*/
        2: 1720:/*EOF*/
        2: 1720-block  0
        -: 1721:/*EOF*/
        -: 1722:/*EOF*/
        -: 1723:/*EOF*/
        -: 1724:/*EOF*/
        -: 1725:/*EOF*/
        2: 1726:/*EOF*/
        2: 1726-block  0
        -: 1727:/*EOF*/
        -: 1728:/*EOF*/
        -: 1729:/*EOF*/
    #####: 1730:/*EOF*/
    $$$$$: 1730-block  0
        -: 1731:/*EOF*/
        -: 1732:/*EOF*/
        -: 1733:/*EOF*/
        -: 1734:/*EOF*/
        -: 1735:/*EOF*/
        -: 1736:/*EOF*/
        -: 1737:/*EOF*/
        -: 1738:/*EOF*/
        -: 1739:/*EOF*/
        -: 1740:/*EOF*/
        -: 1741:/*EOF*/
        -: 1742:/*EOF*/
        -: 1743:/*EOF*/
    #####: 1744:/*EOF*/
    $$$$$: 1744-block  0
        -: 1745:/*EOF*/
        -: 1746:/*EOF*/
        -: 1747:/*EOF*/
    #####: 1748:/*EOF*/
    $$$$$: 1748-block  0
        -: 1749:/*EOF*/
        -: 1750:/*EOF*/
        -: 1751:/*EOF*/
        -: 1752:/*EOF*/
        -: 1753:/*EOF*/
    #####: 1754:/*EOF*/
    #####: 1755:/*EOF*/
