        -:    0:Source:C.flex
        -:    0:Graph:/home/ollie/CLionProjects/Compiler_2.0/cmake-build-debug/CMakeFiles/Compiler_2_0.dir/Lexer_Parser_Files/lex.yy.c.gcno
        -:    0:Data:/home/ollie/CLionProjects/Compiler_2.0/cmake-build-debug/CMakeFiles/Compiler_2_0.dir/Lexer_Parser_Files/lex.yy.c.gcda
        -:    0:Runs:1
        -:    0:Programs:1
        -:    1:/*EOF*/
        -:    2:/*EOF*/
        -:    3:/*EOF*/
        -:    4:/*EOF*/
        -:    5:/*EOF*/
        -:    6:/*EOF*/
        -:    7:/*EOF*/
        -:    8:/*EOF*/
        -:    9:/*EOF*/
        -:   10:/*EOF*/
        -:   11:/*EOF*/
        -:   12:/*EOF*/
        -:   13:/*EOF*/
        -:   14:/*EOF*/
        -:   15:/*EOF*/
        -:   16:/*EOF*/
        -:   17:/*EOF*/
        -:   18:/*EOF*/
        -:   19:/*EOF*/
        -:   20:/*EOF*/
        -:   21:/*EOF*/
        -:   22:/*EOF*/
        -:   23:/*EOF*/
    #####:   24:/*EOF*/
    $$$$$:   24-block  0
    #####:   25:/*EOF*/
    #####:   26:/*EOF*/
    $$$$$:   26-block  0
    #####:   27:/*EOF*/
    $$$$$:   27-block  0
    #####:   28:/*EOF*/
    $$$$$:   28-block  0
    #####:   29:/*EOF*/
    $$$$$:   29-block  0
    #####:   30:/*EOF*/
    $$$$$:   30-block  0
    #####:   31:/*EOF*/
    $$$$$:   31-block  0
        2:   32:/*EOF*/
        2:   32-block  0
    #####:   33:/*EOF*/
    $$$$$:   33-block  0
        1:   34:/*EOF*/
        1:   34-block  0
    #####:   35:/*EOF*/
    $$$$$:   35-block  0
    #####:   36:/*EOF*/
    $$$$$:   36-block  0
    #####:   37:/*EOF*/
        5:   38:/*EOF*/
        5:   38-block  0
        5:   39:/*EOF*/
        -:   40:/*EOF*/
        2:   41:/*EOF*/
        2:   41-block  0
    #####:   42:/*EOF*/
    $$$$$:   42-block  0
    #####:   43:/*EOF*/
    #####:   44:/*EOF*/
    $$$$$:   44-block  0
    #####:   45:/*EOF*/
        -:   46:/*EOF*/
    #####:   47:/*EOF*/
    $$$$$:   47-block  0
    #####:   48:/*EOF*/
    $$$$$:   48-block  0
    #####:   49:/*EOF*/
    $$$$$:   49-block  0
    #####:   50:/*EOF*/
    $$$$$:   50-block  0
        3:   51:/*EOF*/
        3:   51-block  0
        1:   52:/*EOF*/
        1:   52-block  0
        1:   53:/*EOF*/
        1:   53-block  0
    #####:   54:/*EOF*/
    $$$$$:   54-block  0
    #####:   55:/*EOF*/
    $$$$$:   55-block  0
        2:   56:/*EOF*/
        2:   56-block  0
        1:   57:/*EOF*/
        1:   57-block  0
        1:   58:/*EOF*/
        1:   58-block  0
    #####:   59:/*EOF*/
    $$$$$:   59-block  0
    #####:   60:/*EOF*/
    $$$$$:   60-block  0
        1:   61:/*EOF*/
        1:   61-block  0
    #####:   62:/*EOF*/
    $$$$$:   62-block  0
    #####:   63:/*EOF*/
    $$$$$:   63-block  0
    #####:   64:/*EOF*/
    $$$$$:   64-block  0
    #####:   65:/*EOF*/
    $$$$$:   65-block  0
    #####:   66:/*EOF*/
    $$$$$:   66-block  0
    #####:   67:/*EOF*/
       25:   68:/*EOF*/
       25:   68-block  0
       25:   69:/*EOF*/
    #####:   70:/*EOF*/
    $$$$$:   70-block  0
    #####:   71:/*EOF*/
    $$$$$:   71-block  0
    #####:   72:/*EOF*/
        1:   73:/*EOF*/
        1:   73-block  0
        -:   74:/*EOF*/
        1:   75:/*EOF*/
        1:   75-block  0
        -:   76:/*EOF*/
        -:   77:/*EOF*/
        -:   78:/*EOF*/
    #####:   79:/*EOF*/
    $$$$$:   79-block  0
        -:   80:/*EOF*/
        -:   81:/*EOF*/
        -:   82:/*EOF*/
    #####:   83:/*EOF*/
    #####:   84:/*EOF*/
    $$$$$:   84-block  0
    $$$$$:   84-block  1
    $$$$$:   84-block  2
    #####:   85:/*EOF*/
    $$$$$:   85-block  0
        -:   86:/*EOF*/
    #####:   87:/*EOF*/
    $$$$$:   87-block  0
    $$$$$:   87-block  1
        -:   88:/*EOF*/
    #####:   89:/*EOF*/
    $$$$$:   89-block  0
    #####:   90:/*EOF*/
        -:   91:/*EOF*/
        -:   92:/*EOF*/
    #####:   93:/*EOF*/
    $$$$$:   93-block  0
    #####:   94:/*EOF*/
    $$$$$:   94-block  0
    #####:   95:/*EOF*/
        -:   96:/*EOF*/
        -:   97:/*EOF*/
        -:   98:/*EOF*/
        -:   99:/*EOF*/
       45:  100:/*EOF*/
       45:  100-block  0
        -:  101:/*EOF*/
        -:  102:/*EOF*/
        -:  103:/*EOF*/
      102:  104:/*EOF*/
       45:  104-block  0
       57:  104-block  1
      102:  104-block  2
       57:  105:/*EOF*/
       57:  105-block  0
        4:  106:/*EOF*/
        4:  106-block  0
       53:  107:/*EOF*/
       53:  107-block  0
    #####:  108:/*EOF*/
    $$$$$:  108-block  0
        -:  109:/*EOF*/
       53:  110:/*EOF*/
       53:  110-block  0
        -:  111:/*EOF*/
       45:  112:/*EOF*/
       45:  112-block  0
       45:  113:/*EOF*/
        -:  114:/*EOF*/
        -:  115:/*EOF*/
        7:  116:/*EOF*/
        7:  116-block  0
        -:  117:/*EOF*/
        7:  118:/*EOF*/
        7:  119:/*EOF*/
        7:  120:/*EOF*/
        7:  120-block  0
        -:  121:/*EOF*/
        -:  122:/*EOF*/
    #####:  123:/*EOF*/
    $$$$$:  123-block  0
        -:  124:/*EOF*/
    #####:  125:/*EOF*/
    $$$$$:  125-block  0
    #####:  126:/*EOF*/
    #####:  127:/*EOF*/
    #####:  128:/*EOF*/
    #####:  129:/*EOF*/
        -:  130:/*EOF*/
        -:  131:/*EOF*/
        2:  132:/*EOF*/
        2:  132-block  0
        -:  133:/*EOF*/
        2:  134:/*EOF*/
        2:  134-block  0
        2:  134-block  1
    $$$$$:  134-block  2
        2:  135:/*EOF*/
        2:  135-block  0
        2:  136:/*EOF*/
        2:  137:/*EOF*/
