        -:    0:Source:C.y
        -:    0:Graph:/home/ollie/CLionProjects/Compiler_2.0/cmake-build-debug/CMakeFiles/Compiler_2_0.dir/Lexer_Parser_Files/C.tab.c.gcno
        -:    0:Data:/home/ollie/CLionProjects/Compiler_2.0/cmake-build-debug/CMakeFiles/Compiler_2_0.dir/Lexer_Parser_Files/C.tab.c.gcda
        -:    0:Runs:1
        -:    0:Programs:1
        -:    1:/*EOF*/
        -:    2:/*EOF*/
        -:    3:/*EOF*/
        -:    4:/*EOF*/
        -:    5:/*EOF*/
        -:    6:/*EOF*/
        -:    7:/*EOF*/
        -:    8:/*EOF*/
        -:    9:/*EOF*/
        -:   10:/*EOF*/
        -:   11:/*EOF*/
        -:   12:/*EOF*/
        -:   13:/*EOF*/
        -:   14:/*EOF*/
        -:   15:/*EOF*/
        -:   16:/*EOF*/
        -:   17:/*EOF*/
        -:   18:/*EOF*/
        -:   19:/*EOF*/
        -:   20:/*EOF*/
        1:   21:/*EOF*/
        -:   22:/*EOF*/
        -:   23:/*EOF*/
        -:   24:/*EOF*/
        3:   25:/*EOF*/
        3:   25-block  0
        2:   26:/*EOF*/
        2:   26-block  0
    #####:   27:/*EOF*/
    $$$$$:   27-block  0
    #####:   28:/*EOF*/
        -:   29:/*EOF*/
        -:   30:/*EOF*/
        -:   31:/*EOF*/
        5:   32:/*EOF*/
    #####:   33:/*EOF*/
    $$$$$:   33-block  0
        -:   34:/*EOF*/
    #####:   35:/*EOF*/
    $$$$$:   35-block  0
        -:   36:/*EOF*/
        -:   37:/*EOF*/
        -:   38:/*EOF*/
    #####:   39:/*EOF*/
        -:   40:/*EOF*/
    #####:   41:/*EOF*/
    $$$$$:   41-block  0
        -:   42:/*EOF*/
        -:   43:/*EOF*/
        -:   44:/*EOF*/
        5:   45:/*EOF*/
    #####:   46:/*EOF*/
    $$$$$:   46-block  0
        -:   47:/*EOF*/
        -:   48:/*EOF*/
        -:   49:/*EOF*/
    #####:   50:/*EOF*/
    #####:   51:/*EOF*/
    #####:   52:/*EOF*/
    #####:   53:/*EOF*/
    #####:   54:/*EOF*/
        -:   55:/*EOF*/
        -:   56:/*EOF*/
        -:   57:/*EOF*/
        4:   58:/*EOF*/
        -:   59:/*EOF*/
    #####:   60:/*EOF*/
    $$$$$:   60-block  0
        -:   61:/*EOF*/
    #####:   62:/*EOF*/
    $$$$$:   62-block  0
        -:   63:/*EOF*/
    #####:   64:/*EOF*/
    $$$$$:   64-block  0
        -:   65:/*EOF*/
        -:   66:/*EOF*/
        -:   67:/*EOF*/
        3:   68:/*EOF*/
        -:   69:/*EOF*/
        1:   70:/*EOF*/
        1:   70-block  0
        -:   71:/*EOF*/
    #####:   72:/*EOF*/
    $$$$$:   72-block  0
        -:   73:/*EOF*/
        -:   74:/*EOF*/
        -:   75:/*EOF*/
        3:   76:/*EOF*/
        -:   77:/*EOF*/
    #####:   78:/*EOF*/
    $$$$$:   78-block  0
        -:   79:/*EOF*/
    #####:   80:/*EOF*/
    $$$$$:   80-block  0
        -:   81:/*EOF*/
    #####:   82:/*EOF*/
    $$$$$:   82-block  0
        -:   83:/*EOF*/
    #####:   84:/*EOF*/
    $$$$$:   84-block  0
        -:   85:/*EOF*/
        -:   86:/*EOF*/
        -:   87:/*EOF*/
        3:   88:/*EOF*/
        -:   89:/*EOF*/
    #####:   90:/*EOF*/
    $$$$$:   90-block  0
        -:   91:/*EOF*/
    #####:   92:/*EOF*/
    $$$$$:   92-block  0
        -:   93:/*EOF*/
        -:   94:/*EOF*/
        -:   95:/*EOF*/
        3:   96:/*EOF*/
        -:   97:/*EOF*/
        1:   98:/*EOF*/
        1:   98-block  0
        -:   99:/*EOF*/
        -:  100:/*EOF*/
        -:  101:/*EOF*/
        2:  102:/*EOF*/
    #####:  103:/*EOF*/
    $$$$$:  103-block  0
        -:  104:/*EOF*/
        -:  105:/*EOF*/
        -:  106:/*EOF*/
    #####:  107:/*EOF*/
        1:  108:/*EOF*/
        -:  109:/*EOF*/
        1:  110:/*EOF*/
        1:  110-block  0
        -:  111:/*EOF*/
        -:  112:/*EOF*/
        -:  113:/*EOF*/
    #####:  114:/*EOF*/
        -:  115:/*EOF*/
    #####:  116:/*EOF*/
    $$$$$:  116-block  0
        1:  117:/*EOF*/
    #####:  118:/*EOF*/
    $$$$$:  118-block  0
        -:  119:/*EOF*/
        -:  120:/*EOF*/
        -:  121:/*EOF*/
        1:  122:/*EOF*/
    #####:  123:/*EOF*/
    $$$$$:  123-block  0
        -:  124:/*EOF*/
        -:  125:/*EOF*/
        -:  126:/*EOF*/
    #####:  127:/*EOF*/
        1:  128:/*EOF*/
        1:  128-block  0
        -:  129:/*EOF*/
        -:  130:/*EOF*/
        -:  131:/*EOF*/
    #####:  132:/*EOF*/
    #####:  133:/*EOF*/
        -:  134:/*EOF*/
        -:  135:/*EOF*/
        -:  136:/*EOF*/
    #####:  137:/*EOF*/
    $$$$$:  137-block  0
        1:  138:/*EOF*/
        1:  138-block  0
    #####:  139:/*EOF*/
    $$$$$:  139-block  0
        -:  140:/*EOF*/
        -:  141:/*EOF*/
        -:  142:/*EOF*/
    #####:  143:/*EOF*/
    $$$$$:  143-block  0
        2:  144:/*EOF*/
        -:  145:/*EOF*/
        -:  146:/*EOF*/
        -:  147:/*EOF*/
        2:  148:/*EOF*/
        2:  148-block  0
    #####:  149:/*EOF*/
    #####:  150:/*EOF*/
    $$$$$:  150-block  0
    #####:  151:/*EOF*/
    $$$$$:  151-block  0
        1:  152:/*EOF*/
        1:  152-block  0
        -:  153:/*EOF*/
        -:  154:/*EOF*/
        -:  155:/*EOF*/
    #####:  156:/*EOF*/
    #####:  157:/*EOF*/
        -:  158:/*EOF*/
        -:  159:/*EOF*/
        -:  160:/*EOF*/
    #####:  161:/*EOF*/
    #####:  162:/*EOF*/
    $$$$$:  162-block  0
        -:  163:/*EOF*/
        -:  164:/*EOF*/
        -:  165:/*EOF*/
    #####:  166:/*EOF*/
    $$$$$:  166-block  0
    #####:  167:/*EOF*/
    $$$$$:  167-block  0
    #####:  168:/*EOF*/
        -:  169:/*EOF*/
        -:  170:/*EOF*/
        -:  171:/*EOF*/
    #####:  172:/*EOF*/
    $$$$$:  172-block  0
        -:  173:/*EOF*/
    #####:  174:/*EOF*/
    $$$$$:  174-block  0
        -:  175:/*EOF*/
        -:  176:/*EOF*/
        -:  177:/*EOF*/
        -:  178:/*EOF*/
    #####:  179:/*EOF*/
    #####:  180:/*EOF*/
    #####:  181:/*EOF*/
    $$$$$:  181-block  0
        -:  182:/*EOF*/
        -:  183:/*EOF*/
        -:  184:/*EOF*/
    #####:  185:/*EOF*/
    #####:  186:/*EOF*/
    #####:  187:/*EOF*/
    #####:  188:/*EOF*/
    $$$$$:  188-block  0
    #####:  189:/*EOF*/
    $$$$$:  189-block  0
        -:  190:/*EOF*/
        -:  191:/*EOF*/
        -:  192:/*EOF*/
    #####:  193:/*EOF*/
        1:  194:/*EOF*/
    #####:  195:/*EOF*/
    #####:  196:/*EOF*/
        1:  197:/*EOF*/
        -:  198:/*EOF*/
        -:  199:/*EOF*/
        -:  200:/*EOF*/
    #####:  201:/*EOF*/
    #####:  202:/*EOF*/
    #####:  203:/*EOF*/
        1:  204:/*EOF*/
        1:  204-block  0
        -:  205:/*EOF*/
        -:  206:/*EOF*/
        -:  207:/*EOF*/
        1:  208:/*EOF*/
    #####:  209:/*EOF*/
    $$$$$:  209-block  0
        -:  210:/*EOF*/
        -:  211:/*EOF*/
        -:  212:/*EOF*/
        1:  213:/*EOF*/
        1:  214:/*EOF*/
        1:  214-block  0
        -:  215:/*EOF*/
        -:  216:/*EOF*/
        -:  217:/*EOF*/
    #####:  218:/*EOF*/
        1:  219:/*EOF*/
        -:  220:/*EOF*/
        -:  221:/*EOF*/
        -:  222:/*EOF*/
    #####:  223:/*EOF*/
    $$$$$:  223-block  0
        -:  224:/*EOF*/
    #####:  225:/*EOF*/
    $$$$$:  225-block  0
    #####:  226:/*EOF*/
        -:  227:/*EOF*/
        -:  228:/*EOF*/
        -:  229:/*EOF*/
    #####:  230:/*EOF*/
    $$$$$:  230-block  0
        -:  231:/*EOF*/
        -:  232:/*EOF*/
        -:  233:/*EOF*/
    #####:  234:/*EOF*/
    $$$$$:  234-block  0
    #####:  235:/*EOF*/
    $$$$$:  235-block  0
    #####:  236:/*EOF*/
    $$$$$:  236-block  0
        1:  237:/*EOF*/
        1:  237-block  0
        -:  238:/*EOF*/
        -:  239:/*EOF*/
        -:  240:/*EOF*/
        1:  241:/*EOF*/
    #####:  242:/*EOF*/
    $$$$$:  242-block  0
        -:  243:/*EOF*/
        -:  244:/*EOF*/
        -:  245:/*EOF*/
    #####:  246:/*EOF*/
        1:  247:/*EOF*/
        -:  248:/*EOF*/
        -:  249:/*EOF*/
        -:  250:/*EOF*/
        -:  251:/*EOF*/
    #####:  252:/*EOF*/
    $$$$$:  252-block  0
        -:  253:/*EOF*/
    #####:  254:/*EOF*/
    $$$$$:  254-block  0
        -:  255:/*EOF*/
    #####:  256:/*EOF*/
    $$$$$:  256-block  0
        1:  257:/*EOF*/
        1:  257-block  0
        -:  258:/*EOF*/
        -:  259:/*EOF*/
        -:  260:/*EOF*/
        -:  261:/*EOF*/
        -:  262:/*EOF*/
        -:  263:/*EOF*/
        -:  264:/*EOF*/
    #####:  265:/*EOF*/
    $$$$$:  265-block  0
        -:  266:/*EOF*/
    #####:  267:/*EOF*/
    $$$$$:  267-block  0
    #####:  268:/*EOF*/
    #####:  269:/*EOF*/
